<?xml version="1.0" encoding="UTF-8"?>
<!-- Generated by org.testng.reporters.JUnitReportReporter -->
<testsuite hostname="MSDT103" failures="0" tests="2" name="PractiseOfTestNg.HomePageTest" time="1.400" errors="0" timestamp="2022-01-31T19:33:47 IST" skipped="0">
  <testcase classname="PractiseOfTestNg.HomePageTest" name="logOut" time="1.388"/>
  <system-out/>
  <testcase classname="PractiseOfTestNg.HomePageTest" name="verifyHomePage" time="0.012"/>
  <system-out/>
</testsuite> <!-- PractiseOfTestNg.HomePageTest -->
