<?xml version="1.0" encoding="UTF-8"?>
<!-- Generated by org.testng.reporters.JUnitReportReporter -->
<testsuite hostname="MSDT103" failures="0" tests="2" name="PractiseOfTestNg.LoginTest" time="7.168" errors="0" timestamp="2022-01-31T19:33:47 IST" skipped="0">
  <testcase classname="PractiseOfTestNg.LoginTest" name="forgetPassword" time="1.429"/>
  <system-out/>
  <testcase classname="PractiseOfTestNg.LoginTest" name="login" time="5.739"/>
  <system-out/>
</testsuite> <!-- PractiseOfTestNg.LoginTest -->
