<?xml version="1.0" encoding="UTF-8"?>
<!-- Generated by org.testng.reporters.JUnitReportReporter -->
<testsuite hostname="MSDT103" failures="0" tests="1" name="PractiseOfTestNg.JustCheckFollowOfAnnotation" time="0.009" errors="0" timestamp="2022-01-31T19:58:16 IST" skipped="0">
  <testcase classname="PractiseOfTestNg.JustCheckFollowOfAnnotation" name="f" time="0.009"/>
  <system-out/>
</testsuite> <!-- PractiseOfTestNg.JustCheckFollowOfAnnotation -->
