<?xml version="1.0" encoding="UTF-8"?>
<!-- Generated by org.testng.reporters.JUnitReportReporter -->
<testsuite hostname="MSDT103" failures="0" tests="2" name="PractiseOfTestNg.DemoDataProvider" time="28.978" errors="0" timestamp="2022-01-31T20:26:11 IST" skipped="0">
  <testcase classname="PractiseOfTestNg.DemoDataProvider" name="checkData" time="14.080"/>
  <system-out/>
  <testcase classname="PractiseOfTestNg.DemoDataProvider" name="checkData" time="14.898"/>
  <system-out/>
</testsuite> <!-- PractiseOfTestNg.DemoDataProvider -->
